0 verbose cli /opt/plesk/node/18/bin/node /opt/plesk/node/18/bin/npm
1 info using npm@8.19.3
2 info using node@v18.13.0
3 timing npm:load:whichnode Completed in 0ms
4 timing config:load:defaults Completed in 2ms
5 timing config:load:file:/opt/plesk/node/18/lib/node_modules/npm/npmrc Completed in 21ms
6 timing config:load:builtin Completed in 21ms
7 timing config:load:cli Completed in 3ms
8 timing config:load:env Completed in 0ms
9 timing config:load:project Completed in 10ms
10 timing config:load:file:/var/www/vhosts/saptkrishi.com/.npmrc Completed in 0ms
11 timing config:load:user Completed in 0ms
12 timing config:load:file:/opt/plesk/node/18/etc/npmrc Completed in 0ms
13 timing config:load:global Completed in 0ms
14 timing config:load:validate Completed in 1ms
15 timing config:load:credentials Completed in 1ms
16 timing config:load:setEnvs Completed in 1ms
17 timing config:load Completed in 39ms
18 timing npm:load:configload Completed in 40ms
19 timing npm:load:mkdirpcache Completed in 1ms
20 timing npm:load:mkdirplogs Completed in 1ms
21 verbose title npm run start
22 verbose argv "run" "start"
23 timing npm:load:setTitle Completed in 1ms
24 timing config:load:flatten Completed in 3ms
25 timing npm:load:display Completed in 5ms
26 verbose logfile logs-max:10 dir:/var/www/vhosts/saptkrishi.com/.npm/_logs
27 verbose logfile /var/www/vhosts/saptkrishi.com/.npm/_logs/2023-01-25T07_20_15_924Z-debug-0.log
28 timing npm:load:logFile Completed in 7ms
29 timing npm:load:timers Completed in 1ms
30 timing npm:load:configScope Completed in 0ms
31 timing npm:load Completed in 56ms
32 silly logfile start cleaning logs, removing 1 files
33 silly logfile done cleaning log files
34 timing command:run Completed in 813ms
35 verbose exit 0
36 timing npm Completed in 881ms
37 info ok
